\BOOKMARK [0][-]{chapter*.1}{Remerciements}{}% 1
\BOOKMARK [0][-]{chapter.1}{Introduction}{}% 2
\BOOKMARK [0][-]{chapter.2}{Contexte du stage}{}% 3
\BOOKMARK [1][-]{section.2.1}{Entreprise}{chapter.2}% 4
\BOOKMARK [2][-]{subsection.2.1.1}{Presentation g\351n\351rale }{section.2.1}% 5
\BOOKMARK [2][-]{subsection.2.1.2}{Domaine}{section.2.1}% 6
\BOOKMARK [2][-]{subsection.2.1.3}{Activit\351}{section.2.1}% 7
\BOOKMARK [2][-]{subsection.2.1.4}{Projets}{section.2.1}% 8
\BOOKMARK [1][-]{section.2.2}{L'architecture de OFBiz}{chapter.2}% 9
\BOOKMARK [2][-]{subsection.2.2.1}{Vue d'ensemble sur l'architecture}{section.2.2}% 10
\BOOKMARK [2][-]{subsection.2.2.2}{Composants }{section.2.2}% 11
\BOOKMARK [2][-]{subsection.2.2.3}{Container}{section.2.2}% 12
\BOOKMARK [2][-]{subsection.2.2.4}{Web applications}{section.2.2}% 13
\BOOKMARK [2][-]{subsection.2.2.5}{Entity engine}{section.2.2}% 14
\BOOKMARK [2][-]{subsection.2.2.6}{Service engine}{section.2.2}% 15
\BOOKMARK [2][-]{subsection.2.2.7}{Screen engine}{section.2.2}% 16
\BOOKMARK [2][-]{subsection.2.2.8}{Fonctionnel m\351tier}{section.2.2}% 17
\BOOKMARK [2][-]{subsection.2.2.9}{Lien avec les connaissences obtenu lors de la formation universitaire}{section.2.2}% 18
\BOOKMARK [3][-]{subsubsection.2.2.9.1}{MVC}{subsection.2.2.9}% 19
\BOOKMARK [3][-]{subsubsection.2.2.9.2}{Servlet}{subsection.2.2.9}% 20
\BOOKMARK [3][-]{subsubsection.2.2.9.3}{FreeMarker -JSP}{subsection.2.2.9}% 21
\BOOKMARK [3][-]{subsubsection.2.2.9.4}{Notion d'enti\351 - Symfony}{subsection.2.2.9}% 22
\BOOKMARK [3][-]{subsubsection.2.2.9.5}{Routage}{subsection.2.2.9}% 23
\BOOKMARK [1][-]{section.2.3}{Sujet de stage }{chapter.2}% 24
\BOOKMARK [2][-]{subsection.2.3.1}{API REST ai sien d'OFBiz}{section.2.3}% 25
\BOOKMARK [0][-]{chapter.3}{Travail r\351alis\351}{}% 26
\BOOKMARK [1][-]{section.3.1}{Environnement}{chapter.3}% 27
\BOOKMARK [2][-]{subsection.3.1.1}{Installation du l'environnement}{section.3.1}% 28
\BOOKMARK [2][-]{subsection.3.1.2}{Conventions}{section.3.1}% 29
\BOOKMARK [2][-]{subsection.3.1.3}{Formation d\351veloppeur g\351n\351rale}{section.3.1}% 30
\BOOKMARK [2][-]{subsection.3.1.4}{Jira}{section.3.1}% 31
\BOOKMARK [2][-]{subsection.3.1.5}{Approfondissement de Git }{section.3.1}% 32
\BOOKMARK [2][-]{subsection.3.1.6}{D\351couverte de communaut\351 libre Apache}{section.3.1}% 33
\BOOKMARK [1][-]{section.3.2}{Prise en main d'OFBiz}{chapter.3}% 34
\BOOKMARK [2][-]{subsection.3.2.1}{Premier plugin}{section.3.2}% 35
\BOOKMARK [2][-]{subsection.3.2.2}{Projets existants et leur structure}{section.3.2}% 36
\BOOKMARK [3][-]{subsubsection.3.2.2.1}{D\351cathlon}{subsection.3.2.2}% 37
\BOOKMARK [3][-]{subsubsection.3.2.2.2}{Dejbox}{subsection.3.2.2}% 38
\BOOKMARK [2][-]{subsection.3.2.3}{Probl\351matique vis-\340-vis du d\351veloppement}{section.3.2}% 39
\BOOKMARK [1][-]{section.3.3}{Analyse de l'existant}{chapter.3}% 40
\BOOKMARK [2][-]{subsection.3.3.1}{ControlServlet}{section.3.3}% 41
\BOOKMARK [2][-]{subsection.3.3.2}{M\351canisme de r\351solution des URI}{section.3.3}% 42
\BOOKMARK [2][-]{subsection.3.3.3}{Filtres}{section.3.3}% 43
\BOOKMARK [1][-]{section.3.4}{Analyse des besoins et attentes de la ma\356trise d'ouvrage}{chapter.3}% 44
\BOOKMARK [1][-]{section.3.5}{R\351alisations techniques}{chapter.3}% 45
\BOOKMARK [1][-]{section.3.6}{Besoins fonctionnels}{chapter.3}% 46
\BOOKMARK [2][-]{subsection.3.6.1}{Sous-partie 1}{section.3.6}% 47
\BOOKMARK [2][-]{subsection.3.6.2}{Sous-partie 2}{section.3.6}% 48
\BOOKMARK [1][-]{section.3.7}{Besoins non-fonctionnels}{chapter.3}% 49
\BOOKMARK [2][-]{subsection.3.7.1}{Sous-partie 1}{section.3.7}% 50
\BOOKMARK [2][-]{subsection.3.7.2}{Sous-partie 2}{section.3.7}% 51
\BOOKMARK [1][-]{section.3.8}{D\351veloppement}{chapter.3}% 52
\BOOKMARK [2][-]{subsection.3.8.1}{T\342ches}{section.3.8}% 53
\BOOKMARK [2][-]{subsection.3.8.2}{Tests}{section.3.8}% 54
\BOOKMARK [0][-]{chapter.4}{Autre partie}{}% 55
\BOOKMARK [1][-]{section.4.1}{Partie 1}{chapter.4}% 56
\BOOKMARK [2][-]{subsection.4.1.1}{Sous-partie 1}{section.4.1}% 57
\BOOKMARK [2][-]{subsection.4.1.2}{Sous-partie 2}{section.4.1}% 58
\BOOKMARK [3][-]{subsubsection.4.1.2.1}{Sous-sous-partie 1}{subsection.4.1.2}% 59
\BOOKMARK [3][-]{subsubsection.4.1.2.2}{Sous-sous-partie 2}{subsection.4.1.2}% 60
\BOOKMARK [4][-]{paragraph.4.1.2.2.1}{Paragraphe 1 \(agissant comme titre niveau 5\)}{subsubsection.4.1.2.2}% 61
\BOOKMARK [4][-]{paragraph.4.1.2.2.2}{Paragraphe 2}{subsubsection.4.1.2.2}% 62
\BOOKMARK [3][-]{subsubsection.4.1.2.3}{Sous-sous-partie 3}{subsection.4.1.2}% 63
\BOOKMARK [1][-]{section.4.2}{Partie 2}{chapter.4}% 64
\BOOKMARK [2][-]{subsection.4.2.1}{Sous-partie 1}{section.4.2}% 65
\BOOKMARK [2][-]{subsection.4.2.2}{Sous-partie 2}{section.4.2}% 66
\BOOKMARK [2][-]{subsection.4.2.3}{Sous-partie 3}{section.4.2}% 67
\BOOKMARK [0][-]{chapter.5}{R\351sultats}{}% 68
\BOOKMARK [1][-]{section.5.1}{Partie 1}{chapter.5}% 69
\BOOKMARK [2][-]{subsection.5.1.1}{Sous-partie 1}{section.5.1}% 70
\BOOKMARK [2][-]{subsection.5.1.2}{Sous-partie 2}{section.5.1}% 71
\BOOKMARK [2][-]{subsection.5.1.3}{Sous-partie 3}{section.5.1}% 72
\BOOKMARK [1][-]{section.5.2}{Partie 2}{chapter.5}% 73
\BOOKMARK [0][-]{chapter.6}{Bilan}{}% 74
\BOOKMARK [-1][-]{part*.25}{Annexes}{}% 75
\BOOKMARK [0][-]{chapter*.26}{Annexe 1}{part*.25}% 76
\BOOKMARK [1][-]{section.6.1}{Partie 1}{chapter*.26}% 77
\BOOKMARK [2][-]{subsection.6.1.1}{Sous-partie 1}{section.6.1}% 78
\BOOKMARK [2][-]{subsection.6.1.2}{Sous-partie 2}{section.6.1}% 79
\BOOKMARK [2][-]{subsection.6.1.3}{Sous-partie 3}{section.6.1}% 80
\BOOKMARK [1][-]{section.6.2}{Partie 2}{chapter*.26}% 81
\BOOKMARK [2][-]{subsection.6.2.1}{Sous-partie 1}{section.6.2}% 82
\BOOKMARK [2][-]{subsection.6.2.2}{Sous-partie 2}{section.6.2}% 83
\BOOKMARK [2][-]{subsection.6.2.3}{Sous-partie 3}{section.6.2}% 84
\BOOKMARK [0][-]{chapter*.27}{Annexe 2}{part*.25}% 85
\BOOKMARK [1][-]{section*.28}{Pr\351requis}{chapter*.27}% 86
\BOOKMARK [1][-]{section.6.1}{Partie 1}{chapter*.27}% 87
\BOOKMARK [2][-]{subsection.6.1.1}{Sous-parie 1}{section.6.1}% 88
\BOOKMARK [2][-]{subsection.6.1.2}{Sous-parie 2}{section.6.1}% 89
\BOOKMARK [1][-]{section.6.2}{Partie 2}{chapter*.27}% 90
\BOOKMARK [1][-]{section.6.3}{Partie 3}{chapter*.27}% 91
